<?xml version="1.0" encoding="UTF-8"?><testsuite errors="1" failures="0" name="Crear cuenta" skipped="0" tests="1" time="39.26" timestamp="2020-08-04 07:52:52"><testcase name="Realizar registro en Advantage Demo para crear cuenta"><error message="no such window: target window already closed&#10;from unknown error: web view not found&#10;  (Session info: chrome=83.0.4103.97)&#10;Build info: version: '3.14.0', revision: 'aacccce0', time: '2018-08-02T20:19:58.91Z'&#10;System info: host: 'DESKTOP-7KJS386', ip: '10.80.32.58', os.name: 'Windows 10', os.arch: 'amd64', os.version: '10.0', java.version: '1.8.0_261'&#10;Driver info: org.openqa.selenium.remote.RemoteWebDriver&#10;Capabilities {acceptInsecureCerts: false, browserName: chrome, browserVersion: 83.0.4103.97, chrome: {chromedriverVersion: 83.0.4103.39 (ccbf011cb2d2b..., userDataDir: C:\Users\HC\AppData\Local\T...}, goog:chromeOptions: {debuggerAddress: localhost:62690}, javascriptEnabled: true, networkConnectionEnabled: false, pageLoadStrategy: normal, platform: WINDOWS, platformName: WINDOWS, proxy: Proxy(), setWindowRect: true, strictFileInteractability: false, timeouts: {implicit: 0, pageLoad: 300000, script: 30000}, unhandledPromptBehavior: dismiss and notify, webauthn:virtualAuthenticators: true}&#10;Session ID: 396ebb8a81864e6599953d822ea5a790&#10;*** Element info: {Using=xpath, value=//select[@name='countryListboxRegisterPage']}" type="org.openqa.selenium.NoSuchWindowException">no such window: target window already closed
from unknown error: web view not found
  (Session info: chrome=83.0.4103.97)
Build info: version: '3.14.0', revision: 'aacccce0', time: '2018-08-02T20:19:58.91Z'
System info: host: 'DESKTOP-7KJS386', ip: '10.80.32.58', os.name: 'Windows 10', os.arch: 'amd64', os.version: '10.0', java.version: '1.8.0_261'
Driver info: org.openqa.selenium.remote.RemoteWebDriver
Capabilities {acceptInsecureCerts: false, browserName: chrome, browserVersion: 83.0.4103.97, chrome: {chromedriverVersion: 83.0.4103.39 (ccbf011cb2d2b..., userDataDir: C:\Users\HC\AppData\Local\T...}, goog:chromeOptions: {debuggerAddress: localhost:62690}, javascriptEnabled: true, networkConnectionEnabled: false, pageLoadStrategy: normal, platform: WINDOWS, platformName: WINDOWS, proxy: Proxy(), setWindowRect: true, strictFileInteractability: false, timeouts: {implicit: 0, pageLoad: 300000, script: 30000}, unhandledPromptBehavior: dismiss and notify, webauthn:virtualAuthenticators: true}
Session ID: 396ebb8a81864e6599953d822ea5a790
*** Element info: {Using=xpath, value=//select[@name='countryListboxRegisterPage']}</error><system-err>no such window: target window already closed
from unknown error: web view not found
  (Session info: chrome=83.0.4103.97)
Build info: version: '3.14.0', revision: 'aacccce0', time: '2018-08-02T20:19:58.91Z'
System info: host: 'DESKTOP-7KJS386', ip: '10.80.32.58', os.name: 'Windows 10', os.arch: 'amd64', os.version: '10.0', java.version: '1.8.0_261'
Driver info: org.openqa.selenium.remote.RemoteWebDriver
Capabilities {acceptInsecureCerts: false, browserName: chrome, browserVersion: 83.0.4103.97, chrome: {chromedriverVersion: 83.0.4103.39 (ccbf011cb2d2b..., userDataDir: C:\Users\HC\AppData\Local\T...}, goog:chromeOptions: {debuggerAddress: localhost:62690}, javascriptEnabled: true, networkConnectionEnabled: false, pageLoadStrategy: normal, platform: WINDOWS, platformName: WINDOWS, proxy: Proxy(), setWindowRect: true, strictFileInteractability: false, timeouts: {implicit: 0, pageLoad: 300000, script: 30000}, unhandledPromptBehavior: dismiss and notify, webauthn:virtualAuthenticators: true}
Session ID: 396ebb8a81864e6599953d822ea5a790
*** Element info: {Using=xpath, value=//select[@name='countryListboxRegisterPage']}&#13;
co.com.chami.certificacion.advantagedemo.tasks.RegistroAdvantageDemoTask.performAs(RegistroAdvantageDemoTask.java:47)&#13;
co.com.chami.certificacion.advantagedemo.stepdefinitions.AdvantageDemoCrearCuentaStepDefinitions.ingresarNuevaCuenta(AdvantageDemoCrearCuentaStepDefinitions.java:36)&#13;
cucumber.runner.Runner.runPickle(Runner.java:80)&#13;
org.eclipse.jdt.internal.junit4.runner.JUnit4TestReference.run(JUnit4TestReference.java:89)&#13;
org.eclipse.jdt.internal.junit.runner.TestExecution.run(TestExecution.java:41)&#13;
org.eclipse.jdt.internal.junit.runner.RemoteTestRunner.runTests(RemoteTestRunner.java:542)&#13;
org.eclipse.jdt.internal.junit.runner.RemoteTestRunner.runTests(RemoteTestRunner.java:770)&#13;
org.eclipse.jdt.internal.junit.runner.RemoteTestRunner.run(RemoteTestRunner.java:464)&#13;
org.eclipse.jdt.internal.junit.runner.RemoteTestRunner.main(RemoteTestRunner.java:210)&#13;
</system-err></testcase></testsuite>